Rufus x64 v4.6.2208 (Portable)
Windows version: Windows 10 Pro x64 (Build 19045.5011)
Syslinux versions: 4.07/2013-07-25, 6.04/pre1
Grub versions: 0.4.6a, 2.12
System locale ID: 0x0C0A (es-ES)
Will use default UI locale 0x0C0A
SetLGP: Successfully set NoDriveTypeAutorun policy to 0x0000009E
Localization set to 'es-ES'
Found 517 revoked UEFI bootloaders from embedded list
Found USB 2.0 device 'VendorCo ProductCode USB Device' (048D:1234)
1 device found
Disk type: Removable, Disk size: 32 GB, Sector size: 512 bytes
Cylinders: 3824, Tracks per cylinder: 255, Sectors per track: 63
Partition type: MBR, NB Partitions: 1
Disk ID: 0x500131E7
Drive has a Windows 7 Master Boot Record
Partition 1:
  Type: FAT32 LBA (0x0c)
  Detected File System: FAT32
  Size: 29.3 GB (31456231424 bytes)
  Start Sector: 2048, Boot: Yes
Found 5 additional UEFI revocation filters from remote SBAT
